Using pre-set license
Built from '6000.0/staging' branch; Version is '6000.0.42f1 (feb9a7235030) revision 16693671'; Using compiler version '193933523'; Build Type 'Release'
OS: 'Windows 11  (10.0.26100) 64bit Core' Language: 'es' Physical Memory: 65305 MB
BatchMode: 1, IsHumanControllingUs: 0, StartBugReporterOnCrash: 0, Is64bit: 1, IsPro: 1

COMMAND LINE ARGUMENTS:
C:\Program Files\Unity\Hub\Editor\6000.0.42f1\Editor\Unity.exe
-adb2
-batchMode
-noUpm
-name
AssetImportWorker0
-projectPath
C:/Users/Lauri/Desktop/EscapameEsta/Frogames/1/Prototype
-logFile
Logs/AssetImportWorker0.log
-srvPort
60891
-job-worker-count
13
-background-job-worker-count
8
-gc-helper-count
1
Successfully changed project path to: C:/Users/Lauri/Desktop/EscapameEsta/Frogames/1/Prototype
C:/Users/Lauri/Desktop/EscapameEsta/Frogames/1/Prototype
[UnityMemory] Configuration Parameters - Can be set up in boot.config
    "memorysetup-bucket-allocator-granularity=16"
    "memorysetup-bucket-allocator-bucket-count=8"
    "memorysetup-bucket-allocator-block-size=33554432"
    "memorysetup-bucket-allocator-block-count=8"
    "memorysetup-main-allocator-block-size=16777216"
    "memorysetup-thread-allocator-block-size=16777216"
    "memorysetup-gfx-main-allocator-block-size=16777216"
    "memorysetup-gfx-thread-allocator-block-size=16777216"
    "memorysetup-cache-allocator-block-size=4194304"
    "memorysetup-typetree-allocator-block-size=2097152"
    "memorysetup-profiler-bucket-allocator-granularity=16"
    "memorysetup-profiler-bucket-allocator-bucket-count=8"
    "memorysetup-profiler-bucket-allocator-block-size=33554432"
    "memorysetup-profiler-bucket-allocator-block-count=8"
    "memorysetup-profiler-allocator-block-size=16777216"
    "memorysetup-profiler-editor-allocator-block-size=1048576"
    "memorysetup-temp-allocator-size-main=16777216"
    "memorysetup-job-temp-allocator-block-size=2097152"
    "memorysetup-job-temp-allocator-block-size-background=1048576"
    "memorysetup-job-temp-allocator-reduction-small-platforms=262144"
    "memorysetup-allocator-temp-initial-block-size-main=262144"
    "memorysetup-allocator-temp-initial-block-size-worker=262144"
    "memorysetup-temp-allocator-size-background-worker=32768"
    "memorysetup-temp-allocator-size-job-worker=262144"
    "memorysetup-temp-allocator-size-preload-manager=33554432"
    "memorysetup-temp-allocator-size-nav-mesh-worker=65536"
    "memorysetup-temp-allocator-size-audio-worker=65536"
    "memorysetup-temp-allocator-size-cloud-worker=32768"
    "memorysetup-temp-allocator-size-gi-baking-worker=262144"
    "memorysetup-temp-allocator-size-gi-baking-worker=262144"
    "memorysetup-temp-allocator-size-gi-baking-worker=262144"
    "memorysetup-temp-allocator-size-gi-baking-worker=262144"
    "memorysetup-temp-allocator-size-gi-baking-worker=262144"
    "memorysetup-temp-allocator-size-gfx=262144"
Player connection [33840]  Target information:

Player connection [33840]  * "[IP] 192.168.1.134 [Port] 0 [Flags] 2 [Guid] 4259120333 [EditorId] 4259120333 [Version] 1048832 [Id] WindowsEditor(7,DESKTOP-U7GP6VA) [Debug] 1 [PackageName] WindowsEditor [ProjectName] Editor" 

Player connection [33840] Host joined multi-casting on [225.0.0.222:54997]...
Player connection [33840] Host joined alternative multi-casting on [225.0.0.222:34997]...
JobSystem: Creating JobQueue using job-worker-count value 13
Input System module state changed to: Initialized.
[Physics::Module] Initialized fallback backend.
[Physics::Module] Id: 0xdecafbad
Library Redirect Path: Library/
[Physics::Module] Selected backend.
[Physics::Module] Name: PhysX
[Physics::Module] Id: 0xf2b8ea05
[Physics::Module] SDK Version: 4.1.2
[Physics::Module] Integration Version: 1.0.0
[Physics::Module] Threading Mode: Multi-Threaded
Refreshing native plugins compatible for Editor in 91.02 ms, found 3 plugins.
Preloading 0 native plugins for Editor in 0.00 ms.
Initialize engine version: 6000.0.42f1 (feb9a7235030)
[Subsystems] Discovering subsystems at path C:/Program Files/Unity/Hub/Editor/6000.0.42f1/Editor/Data/Resources/UnitySubsystems
[Subsystems] Discovering subsystems at path C:/Users/Lauri/Desktop/EscapameEsta/Frogames/1/Prototype/Assets
GfxDevice: creating device client; kGfxThreadingModeNonThreaded
Direct3D:
    Version:  Direct3D 11.0 [level 11.1]
    Renderer: NVIDIA GeForce RTX 4070 SUPER (ID=0x2783)
    Vendor:   NVIDIA
    VRAM:     11999 MB
    Driver:   32.0.15.7260
Shader 'Fristy/Nature/Leaves': fallback shader 'TransparentCutout' not found
Shader 'Fristy/Nature/Leaves 2': fallback shader 'TransparentCutout' not found
Initialize mono
Mono path[0] = 'C:/Program Files/Unity/Hub/Editor/6000.0.42f1/Editor/Data/Managed'
Mono path[1] = 'C:/Program Files/Unity/Hub/Editor/6000.0.42f1/Editor/Data/MonoBleedingEdge/lib/mono/unityjit-win32'
Mono config path = 'C:/Program Files/Unity/Hub/Editor/6000.0.42f1/Editor/Data/MonoBleedingEdge/etc'
Using monoOptions --debugger-agent=transport=dt_socket,embedding=1,server=y,suspend=n,address=127.0.0.1:56284
Begin MonoManager ReloadAssembly
Registering precompiled unity dll's ...
Register platform support module: C:/Program Files/Unity/Hub/Editor/6000.0.42f1/Editor/Data/PlaybackEngines/WebGLSupport/UnityEditor.WebGL.Extensions.dll
Register platform support module: C:/Program Files/Unity/Hub/Editor/6000.0.42f1/Editor/Data/PlaybackEngines/WindowsStandaloneSupport/UnityEditor.WindowsStandalone.Extensions.dll
Registered in 0.258118 seconds.
- Loaded All Assemblies, in  8.304 seconds
Native extension for WindowsStandalone target not found
Native extension for WebGL target not found
Mono: successfully reloaded assembly
- Finished resetting the current domain, in  0.245 seconds
Domain Reload Profiling: 8548ms
	BeginReloadAssembly (6511ms)
		ExecutionOrderSort (0ms)
		DisableScriptedObjects (0ms)
		BackupInstance (0ms)
		ReleaseScriptingObjects (0ms)
		CreateAndSetChildDomain (0ms)
	RebuildCommonClasses (341ms)
	RebuildNativeTypeToScriptingClass (7ms)
	initialDomainReloadingComplete (292ms)
	LoadAllAssembliesAndSetupDomain (1150ms)
		LoadAssemblies (6509ms)
		RebuildTransferFunctionScriptingTraits (0ms)
		AnalyzeDomain (1148ms)
			TypeCache.Refresh (1146ms)
				TypeCache.ScanAssembly (880ms)
			BuildScriptInfoCaches (0ms)
			ResolveRequiredComponents (0ms)
	FinalizeReload (246ms)
		ReleaseScriptCaches (0ms)
		RebuildScriptCaches (0ms)
		SetupLoadedEditorAssemblies (215ms)
			LogAssemblyErrors (0ms)
			InitializePlatformSupportModulesInManaged (16ms)
			SetLoadedEditorAssemblies (3ms)
			BeforeProcessingInitializeOnLoad (44ms)
			ProcessInitializeOnLoadAttributes (118ms)
			ProcessInitializeOnLoadMethodAttributes (33ms)
			AfterProcessingInitializeOnLoad (0ms)
			EditorAssembliesLoaded (0ms)
		ExecutionOrderSort2 (0ms)
		AwakeInstancesAfterBackupRestoration (0ms)
========================================================================
Worker process is ready to serve import requests
Import Worker Mode flag is 0x00
Begin MonoManager ReloadAssembly
- Loaded All Assemblies, in  4.596 seconds
Refreshing native plugins compatible for Editor in 0.56 ms, found 3 plugins.
Native extension for WindowsStandalone target not found
Native extension for WebGL target not found
Mono: successfully reloaded assembly
- Finished resetting the current domain, in  0.377 seconds
Domain Reload Profiling: 4970ms
	BeginReloadAssembly (125ms)
		ExecutionOrderSort (0ms)
		DisableScriptedObjects (4ms)
		BackupInstance (0ms)
		ReleaseScriptingObjects (0ms)
		CreateAndSetChildDomain (25ms)
	RebuildCommonClasses (28ms)
	RebuildNativeTypeToScriptingClass (7ms)
	initialDomainReloadingComplete (23ms)
	LoadAllAssembliesAndSetupDomain (4409ms)
		LoadAssemblies (4021ms)
		RebuildTransferFunctionScriptingTraits (0ms)
		AnalyzeDomain (459ms)
			TypeCache.Refresh (433ms)
				TypeCache.ScanAssembly (396ms)
			BuildScriptInfoCaches (18ms)
			ResolveRequiredComponents (4ms)
	FinalizeReload (377ms)
		ReleaseScriptCaches (0ms)
		RebuildScriptCaches (0ms)
		SetupLoadedEditorAssemblies (311ms)
			LogAssemblyErrors (0ms)
			InitializePlatformSupportModulesInManaged (2ms)
			SetLoadedEditorAssemblies (4ms)
			BeforeProcessingInitializeOnLoad (57ms)
			ProcessInitializeOnLoadAttributes (229ms)
			ProcessInitializeOnLoadMethodAttributes (14ms)
			AfterProcessingInitializeOnLoad (4ms)
			EditorAssembliesLoaded (0ms)
		ExecutionOrderSort2 (0ms)
		AwakeInstancesAfterBackupRestoration (4ms)
Shader 'Fristy/Nature/Leaves': fallback shader 'TransparentCutout' not found
Shader 'Fristy/Nature/Leaves 2': fallback shader 'TransparentCutout' not found
Launched and connected shader compiler UnityShaderCompiler.exe after 0.03 seconds
Refreshing native plugins compatible for Editor in 2.64 ms, found 3 plugins.
Preloading 0 native plugins for Editor in 0.00 ms.
Unloading 81 Unused Serialized files (Serialized files now loaded: 0)
Unloading 3994 unused Assets / (2.4 MB). Loaded Objects now: 4570.
Memory consumption went from 130.3 MB to 127.9 MB.
Total: 4.568300 ms (FindLiveObjects: 0.469500 ms CreateObjectMapping: 0.156800 ms MarkObjects: 2.801200 ms  DeleteObjects: 1.140100 ms)

========================================================================
Received Import Request.
  Time since last request: 98415.017733 seconds.
  path: Assets/Assets/StoneUI/Buttons_512x512/Rock_Yellow/button_rock_yellow1.png
  artifactKey: Guid(ae8fe121e39461b45bb379ba1e94763e) Importer(815301076,1909f56bfc062723c751e8b465ee728b)
Start importing Assets/Assets/StoneUI/Buttons_512x512/Rock_Yellow/button_rock_yellow1.png using Guid(ae8fe121e39461b45bb379ba1e94763e) Importer(815301076,1909f56bfc062723c751e8b465ee728b) (PreviewImporter) -> (artifact id: '5614628c2f031fd9bfd3f80d1f061944') in 0.0787133 seconds
Number of updated asset objects reloaded before import = 0Number of asset objects unloaded after import = 3

========================================================================
Received Import Request.
  Time since last request: 0.000011 seconds.
  path: Assets/Assets/StoneUI/Samples/button_rock_yellow.png
  artifactKey: Guid(017995877be925b4b82bb4be10b71c5a) Importer(815301076,1909f56bfc062723c751e8b465ee728b)
Start importing Assets/Assets/StoneUI/Samples/button_rock_yellow.png using Guid(017995877be925b4b82bb4be10b71c5a) Importer(815301076,1909f56bfc062723c751e8b465ee728b) (PreviewImporter) -> (artifact id: 'ec6dbe2d0d92d72cfb322b0539ee99bd') in 0.0145685 seconds
Number of updated asset objects reloaded before import = 0Number of asset objects unloaded after import = 3

========================================================================
Received Import Request.
  Time since last request: 0.000070 seconds.
  path: Assets/Assets/StoneUI/Buttons_512x512/Rock_Red/button_rock_red15.png
  artifactKey: Guid(0edc2cf26bc0efd4dba2809d07299188) Importer(815301076,1909f56bfc062723c751e8b465ee728b)
Start importing Assets/Assets/StoneUI/Buttons_512x512/Rock_Red/button_rock_red15.png using Guid(0edc2cf26bc0efd4dba2809d07299188) Importer(815301076,1909f56bfc062723c751e8b465ee728b) (PreviewImporter) -> (artifact id: 'f7ab340fd0740e26c01e2ff5bb8ba2bf') in 0.0117698 seconds
Number of updated asset objects reloaded before import = 0Number of asset objects unloaded after import = 3

========================================================================
Received Import Request.
  Time since last request: 0.000017 seconds.
  path: Assets/Assets/StoneUI/Samples/button_rock_Play.png
  artifactKey: Guid(98a058c1db69ea943970d8bc424946ec) Importer(815301076,1909f56bfc062723c751e8b465ee728b)
Start importing Assets/Assets/StoneUI/Samples/button_rock_Play.png using Guid(98a058c1db69ea943970d8bc424946ec) Importer(815301076,1909f56bfc062723c751e8b465ee728b) (PreviewImporter) -> (artifact id: '247083933fba5ea34e7f3ab6b605ea7f') in 0.0116374 seconds
Number of updated asset objects reloaded before import = 0Number of asset objects unloaded after import = 3

========================================================================
Received Import Request.
  Time since last request: 0.000022 seconds.
  path: Assets/Assets/InventoryAsset/Scenes/ExtraScene/InventoryExtraScene/TileSet/Tiles/2.png
  artifactKey: Guid(1a21c091aec093249a02b6243cf42b58) Importer(815301076,1909f56bfc062723c751e8b465ee728b)
Start importing Assets/Assets/InventoryAsset/Scenes/ExtraScene/InventoryExtraScene/TileSet/Tiles/2.png using Guid(1a21c091aec093249a02b6243cf42b58) Importer(815301076,1909f56bfc062723c751e8b465ee728b) (PreviewImporter) -> (artifact id: 'dd2e828cfd2964b1fca171afa509b74a') in 0.0121936 seconds
Number of updated asset objects reloaded before import = 0Number of asset objects unloaded after import = 3

========================================================================
Received Import Request.
  Time since last request: 0.000042 seconds.
  path: Assets/Assets/StoneUI/OrherUI_4-2K/button_rock_Play.png
  artifactKey: Guid(2e8e0326cef2ff14c968b6e7bdd381b5) Importer(815301076,1909f56bfc062723c751e8b465ee728b)
Start importing Assets/Assets/StoneUI/OrherUI_4-2K/button_rock_Play.png using Guid(2e8e0326cef2ff14c968b6e7bdd381b5) Importer(815301076,1909f56bfc062723c751e8b465ee728b) (PreviewImporter) -> (artifact id: '9950ce741c92d2ba3604ff195d18001c') in 0.0598733 seconds
Number of updated asset objects reloaded before import = 0Number of asset objects unloaded after import = 27

========================================================================
Received Import Request.
  Time since last request: 0.000010 seconds.
  path: Assets/Assets/StoneUI/Buttons_512x512/Rock_Yellow/button_rock_yellow2.png
  artifactKey: Guid(cbb1dd4b6831f24479e74fde30663574) Importer(815301076,1909f56bfc062723c751e8b465ee728b)
Start importing Assets/Assets/StoneUI/Buttons_512x512/Rock_Yellow/button_rock_yellow2.png using Guid(cbb1dd4b6831f24479e74fde30663574) Importer(815301076,1909f56bfc062723c751e8b465ee728b) (PreviewImporter) -> (artifact id: 'cdb49e5cef369acf841c8fc1f138711e') in 0.0125191 seconds
Number of updated asset objects reloaded before import = 0Number of asset objects unloaded after import = 3

========================================================================
Received Import Request.
  Time since last request: 0.000019 seconds.
  path: Assets/Assets/StoneUI/Buttons_512x512/Moss_Grey/button_moss_grey33.png
  artifactKey: Guid(cb2faf4c21839534f8220407db7ccc25) Importer(815301076,1909f56bfc062723c751e8b465ee728b)
Start importing Assets/Assets/StoneUI/Buttons_512x512/Moss_Grey/button_moss_grey33.png using Guid(cb2faf4c21839534f8220407db7ccc25) Importer(815301076,1909f56bfc062723c751e8b465ee728b) (PreviewImporter) -> (artifact id: '2eab2b4bc26c767dde5dd4128e7b1eaf') in 0.0131949 seconds
Number of updated asset objects reloaded before import = 0Number of asset objects unloaded after import = 3

========================================================================
Received Import Request.
  Time since last request: 0.000046 seconds.
  path: Assets/Assets/StoneUI/Buttons_512x512/Moss_Grey/button_moss_grey29.png
  artifactKey: Guid(a7a366dee6fc80d45a43cc210fa9c776) Importer(815301076,1909f56bfc062723c751e8b465ee728b)
Start importing Assets/Assets/StoneUI/Buttons_512x512/Moss_Grey/button_moss_grey29.png using Guid(a7a366dee6fc80d45a43cc210fa9c776) Importer(815301076,1909f56bfc062723c751e8b465ee728b) (PreviewImporter) -> (artifact id: '9bfa8b2c6a545948a480ad99da03c42a') in 0.0141825 seconds
Number of updated asset objects reloaded before import = 0Number of asset objects unloaded after import = 3

========================================================================
Received Prepare
Begin MonoManager ReloadAssembly
- Loaded All Assemblies, in  0.412 seconds
Refreshing native plugins compatible for Editor in 0.51 ms, found 3 plugins.
Native extension for WindowsStandalone target not found
Native extension for WebGL target not found
Mono: successfully reloaded assembly
- Finished resetting the current domain, in  0.405 seconds
Domain Reload Profiling: 816ms
	BeginReloadAssembly (125ms)
		ExecutionOrderSort (0ms)
		DisableScriptedObjects (3ms)
		BackupInstance (0ms)
		ReleaseScriptingObjects (0ms)
		CreateAndSetChildDomain (29ms)
	RebuildCommonClasses (26ms)
	RebuildNativeTypeToScriptingClass (8ms)
	initialDomainReloadingComplete (18ms)
	LoadAllAssembliesAndSetupDomain (234ms)
		LoadAssemblies (203ms)
		RebuildTransferFunctionScriptingTraits (0ms)
		AnalyzeDomain (94ms)
			TypeCache.Refresh (4ms)
				TypeCache.ScanAssembly (0ms)
			BuildScriptInfoCaches (83ms)
			ResolveRequiredComponents (4ms)
	FinalizeReload (406ms)
		ReleaseScriptCaches (0ms)
		RebuildScriptCaches (0ms)
		SetupLoadedEditorAssemblies (330ms)
			LogAssemblyErrors (0ms)
			InitializePlatformSupportModulesInManaged (2ms)
			SetLoadedEditorAssemblies (3ms)
			BeforeProcessingInitializeOnLoad (61ms)
			ProcessInitializeOnLoadAttributes (238ms)
			ProcessInitializeOnLoadMethodAttributes (22ms)
			AfterProcessingInitializeOnLoad (5ms)
			EditorAssembliesLoaded (0ms)
		ExecutionOrderSort2 (0ms)
		AwakeInstancesAfterBackupRestoration (5ms)
Shader 'Fristy/Nature/Leaves': fallback shader 'TransparentCutout' not found
Shader 'Fristy/Nature/Leaves 2': fallback shader 'TransparentCutout' not found
Refreshing native plugins compatible for Editor in 1.05 ms, found 3 plugins.
Preloading 0 native plugins for Editor in 0.00 ms.
Unloading 8 Unused Serialized files (Serialized files now loaded: 0)
Unloading 3992 unused Assets / (3.0 MB). Loaded Objects now: 4585.
Memory consumption went from 118.2 MB to 115.2 MB.
Total: 5.883500 ms (FindLiveObjects: 0.304300 ms CreateObjectMapping: 0.217100 ms MarkObjects: 3.670500 ms  DeleteObjects: 1.690700 ms)

Prepare: number of updated asset objects reloaded= 0
Editor requested this worker to shutdown with reason: Scaling down because of idle timeout
AssetImportWorker is now disconnected from the server
Process exiting
Exiting without the bug reporter. Application will terminate with return code 0