Using pre-set license
Built from '6000.0/staging' branch; Version is '6000.0.42f1 (feb9a7235030) revision 16693671'; Using compiler version '193933523'; Build Type 'Release'
OS: 'Windows 11  (10.0.26100) 64bit Core' Language: 'es' Physical Memory: 65305 MB
BatchMode: 1, IsHumanControllingUs: 0, StartBugReporterOnCrash: 0, Is64bit: 1, IsPro: 1

COMMAND LINE ARGUMENTS:
C:\Program Files\Unity\Hub\Editor\6000.0.42f1\Editor\Unity.exe
-adb2
-batchMode
-noUpm
-name
AssetImportWorker13
-projectPath
C:/Users/Lauri/Desktop/EscapameEsta/Frogames/1/Prototype
-logFile
Logs/AssetImportWorker13.log
-srvPort
55006
-job-worker-count
13
-background-job-worker-count
8
-gc-helper-count
1
Successfully changed project path to: C:/Users/Lauri/Desktop/EscapameEsta/Frogames/1/Prototype
C:/Users/Lauri/Desktop/EscapameEsta/Frogames/1/Prototype
[UnityMemory] Configuration Parameters - Can be set up in boot.config
    "memorysetup-bucket-allocator-granularity=16"
    "memorysetup-bucket-allocator-bucket-count=8"
    "memorysetup-bucket-allocator-block-size=33554432"
    "memorysetup-bucket-allocator-block-count=8"
    "memorysetup-main-allocator-block-size=16777216"
    "memorysetup-thread-allocator-block-size=16777216"
    "memorysetup-gfx-main-allocator-block-size=16777216"
    "memorysetup-gfx-thread-allocator-block-size=16777216"
    "memorysetup-cache-allocator-block-size=4194304"
    "memorysetup-typetree-allocator-block-size=2097152"
    "memorysetup-profiler-bucket-allocator-granularity=16"
    "memorysetup-profiler-bucket-allocator-bucket-count=8"
    "memorysetup-profiler-bucket-allocator-block-size=33554432"
    "memorysetup-profiler-bucket-allocator-block-count=8"
    "memorysetup-profiler-allocator-block-size=16777216"
    "memorysetup-profiler-editor-allocator-block-size=1048576"
    "memorysetup-temp-allocator-size-main=16777216"
    "memorysetup-job-temp-allocator-block-size=2097152"
    "memorysetup-job-temp-allocator-block-size-background=1048576"
    "memorysetup-job-temp-allocator-reduction-small-platforms=262144"
    "memorysetup-allocator-temp-initial-block-size-main=262144"
    "memorysetup-allocator-temp-initial-block-size-worker=262144"
    "memorysetup-temp-allocator-size-background-worker=32768"
    "memorysetup-temp-allocator-size-job-worker=262144"
    "memorysetup-temp-allocator-size-preload-manager=33554432"
    "memorysetup-temp-allocator-size-nav-mesh-worker=65536"
    "memorysetup-temp-allocator-size-audio-worker=65536"
    "memorysetup-temp-allocator-size-cloud-worker=32768"
    "memorysetup-temp-allocator-size-gi-baking-worker=262144"
    "memorysetup-temp-allocator-size-gi-baking-worker=262144"
    "memorysetup-temp-allocator-size-gi-baking-worker=262144"
    "memorysetup-temp-allocator-size-gi-baking-worker=262144"
    "memorysetup-temp-allocator-size-gi-baking-worker=262144"
    "memorysetup-temp-allocator-size-gfx=262144"
Player connection [36836]  Target information:

Player connection [36836]  * "[IP] 192.168.1.134 [Port] 0 [Flags] 2 [Guid] 2286280252 [EditorId] 2286280252 [Version] 1048832 [Id] WindowsEditor(7,DESKTOP-U7GP6VA) [Debug] 1 [PackageName] WindowsEditor [ProjectName] Editor" 

Player connection [36836] Host joined multi-casting on [225.0.0.222:54997]...
Player connection [36836] Host joined alternative multi-casting on [225.0.0.222:34997]...
JobSystem: Creating JobQueue using job-worker-count value 13
Input System module state changed to: Initialized.
[Physics::Module] Initialized fallback backend.
[Physics::Module] Id: 0xdecafbad
Library Redirect Path: Library/
[Physics::Module] Selected backend.
[Physics::Module] Name: PhysX
[Physics::Module] Id: 0xf2b8ea05
[Physics::Module] SDK Version: 4.1.2
[Physics::Module] Integration Version: 1.0.0
[Physics::Module] Threading Mode: Multi-Threaded
Refreshing native plugins compatible for Editor in 0.92 ms, found 3 plugins.
Preloading 0 native plugins for Editor in 0.00 ms.
Initialize engine version: 6000.0.42f1 (feb9a7235030)
[Subsystems] Discovering subsystems at path C:/Program Files/Unity/Hub/Editor/6000.0.42f1/Editor/Data/Resources/UnitySubsystems
[Subsystems] Discovering subsystems at path C:/Users/Lauri/Desktop/EscapameEsta/Frogames/1/Prototype/Assets
GfxDevice: creating device client; kGfxThreadingModeNonThreaded
Direct3D:
    Version:  Direct3D 11.0 [level 11.1]
    Renderer: NVIDIA GeForce RTX 4070 SUPER (ID=0x2783)
    Vendor:   NVIDIA
    VRAM:     11999 MB
    Driver:   32.0.15.7260
Shader 'Fristy/Nature/Leaves': fallback shader 'TransparentCutout' not found
Shader 'Fristy/Nature/Leaves 2': fallback shader 'TransparentCutout' not found
Initialize mono
Mono path[0] = 'C:/Program Files/Unity/Hub/Editor/6000.0.42f1/Editor/Data/Managed'
Mono path[1] = 'C:/Program Files/Unity/Hub/Editor/6000.0.42f1/Editor/Data/MonoBleedingEdge/lib/mono/unityjit-win32'
Mono config path = 'C:/Program Files/Unity/Hub/Editor/6000.0.42f1/Editor/Data/MonoBleedingEdge/etc'
Using monoOptions --debugger-agent=transport=dt_socket,embedding=1,server=y,suspend=n,address=127.0.0.1:56504
Begin MonoManager ReloadAssembly
Registering precompiled unity dll's ...
Register platform support module: C:/Program Files/Unity/Hub/Editor/6000.0.42f1/Editor/Data/PlaybackEngines/WebGLSupport/UnityEditor.WebGL.Extensions.dll
Register platform support module: C:/Program Files/Unity/Hub/Editor/6000.0.42f1/Editor/Data/PlaybackEngines/WindowsStandaloneSupport/UnityEditor.WindowsStandalone.Extensions.dll
Registered in 0.002520 seconds.
- Loaded All Assemblies, in  0.288 seconds
Native extension for WindowsStandalone target not found
Native extension for WebGL target not found
Mono: successfully reloaded assembly
- Finished resetting the current domain, in  0.244 seconds
Domain Reload Profiling: 531ms
	BeginReloadAssembly (93ms)
		ExecutionOrderSort (0ms)
		DisableScriptedObjects (0ms)
		BackupInstance (0ms)
		ReleaseScriptingObjects (0ms)
		CreateAndSetChildDomain (1ms)
	RebuildCommonClasses (28ms)
	RebuildNativeTypeToScriptingClass (10ms)
	initialDomainReloadingComplete (36ms)
	LoadAllAssembliesAndSetupDomain (119ms)
		LoadAssemblies (91ms)
		RebuildTransferFunctionScriptingTraits (0ms)
		AnalyzeDomain (116ms)
			TypeCache.Refresh (114ms)
				TypeCache.ScanAssembly (105ms)
			BuildScriptInfoCaches (0ms)
			ResolveRequiredComponents (0ms)
	FinalizeReload (244ms)
		ReleaseScriptCaches (0ms)
		RebuildScriptCaches (0ms)
		SetupLoadedEditorAssemblies (211ms)
			LogAssemblyErrors (0ms)
			InitializePlatformSupportModulesInManaged (17ms)
			SetLoadedEditorAssemblies (5ms)
			BeforeProcessingInitializeOnLoad (42ms)
			ProcessInitializeOnLoadAttributes (110ms)
			ProcessInitializeOnLoadMethodAttributes (38ms)
			AfterProcessingInitializeOnLoad (0ms)
			EditorAssembliesLoaded (0ms)
		ExecutionOrderSort2 (0ms)
		AwakeInstancesAfterBackupRestoration (0ms)
========================================================================
Worker process is ready to serve import requests
Import Worker Mode flag is 0x00
Begin MonoManager ReloadAssembly
- Loaded All Assemblies, in  0.401 seconds
Refreshing native plugins compatible for Editor in 0.54 ms, found 3 plugins.
Native extension for WindowsStandalone target not found
Native extension for WebGL target not found
Mono: successfully reloaded assembly
- Finished resetting the current domain, in  0.388 seconds
Domain Reload Profiling: 787ms
	BeginReloadAssembly (103ms)
		ExecutionOrderSort (0ms)
		DisableScriptedObjects (4ms)
		BackupInstance (0ms)
		ReleaseScriptingObjects (0ms)
		CreateAndSetChildDomain (18ms)
	RebuildCommonClasses (22ms)
	RebuildNativeTypeToScriptingClass (7ms)
	initialDomainReloadingComplete (22ms)
	LoadAllAssembliesAndSetupDomain (244ms)
		LoadAssemblies (185ms)
		RebuildTransferFunctionScriptingTraits (0ms)
		AnalyzeDomain (119ms)
			TypeCache.Refresh (95ms)
				TypeCache.ScanAssembly (86ms)
			BuildScriptInfoCaches (18ms)
			ResolveRequiredComponents (4ms)
	FinalizeReload (388ms)
		ReleaseScriptCaches (0ms)
		RebuildScriptCaches (0ms)
		SetupLoadedEditorAssemblies (291ms)
			LogAssemblyErrors (0ms)
			InitializePlatformSupportModulesInManaged (2ms)
			SetLoadedEditorAssemblies (3ms)
			BeforeProcessingInitializeOnLoad (50ms)
			ProcessInitializeOnLoadAttributes (213ms)
			ProcessInitializeOnLoadMethodAttributes (17ms)
			AfterProcessingInitializeOnLoad (6ms)
			EditorAssembliesLoaded (0ms)
		ExecutionOrderSort2 (0ms)
		AwakeInstancesAfterBackupRestoration (7ms)
Shader 'Fristy/Nature/Leaves 2': fallback shader 'TransparentCutout' not found
Shader 'Fristy/Nature/Leaves': fallback shader 'TransparentCutout' not found
Launched and connected shader compiler UnityShaderCompiler.exe after 0.01 seconds
Refreshing native plugins compatible for Editor in 1.23 ms, found 3 plugins.
Preloading 0 native plugins for Editor in 0.00 ms.
Unloading 81 Unused Serialized files (Serialized files now loaded: 0)
Unloading 3992 unused Assets / (2.9 MB). Loaded Objects now: 4568.
Memory consumption went from 130.3 MB to 127.4 MB.
Total: 6.002000 ms (FindLiveObjects: 0.278600 ms CreateObjectMapping: 0.174200 ms MarkObjects: 4.117400 ms  DeleteObjects: 1.430800 ms)

========================================================================
Received Import Request.
  Time since last request: 26274.308805 seconds.
  path: Assets/Assets/InventoryAsset/Icons/496_RPG_icons/S_Bow04.png
  artifactKey: Guid(6d81833b7a625bc49bfd1054fe2e8515) Importer(815301076,1909f56bfc062723c751e8b465ee728b)
Start importing Assets/Assets/InventoryAsset/Icons/496_RPG_icons/S_Bow04.png using Guid(6d81833b7a625bc49bfd1054fe2e8515) Importer(815301076,1909f56bfc062723c751e8b465ee728b) (PreviewImporter) -> (artifact id: '0c335aa7892c37f5bb0cf77d1d5f4dbd') in 0.1038698 seconds
Number of updated asset objects reloaded before import = 0Number of asset objects unloaded after import = 3

========================================================================
Received Import Request.
  Time since last request: 0.000018 seconds.
  path: Assets/Assets/InventoryAsset/Icons/496_RPG_icons/S_Earth02.png
  artifactKey: Guid(d3d1e3c901f404440bcf05a175077300) Importer(815301076,1909f56bfc062723c751e8b465ee728b)
Start importing Assets/Assets/InventoryAsset/Icons/496_RPG_icons/S_Earth02.png using Guid(d3d1e3c901f404440bcf05a175077300) Importer(815301076,1909f56bfc062723c751e8b465ee728b) (PreviewImporter) -> (artifact id: '4c309877d27e374c088544147713aa04') in 0.0120871 seconds
Number of updated asset objects reloaded before import = 0Number of asset objects unloaded after import = 3

========================================================================
Received Import Request.
  Time since last request: 0.311233 seconds.
  path: Assets/Assets/InventoryAsset/Icons/496_RPG_icons/S_Fire06.png
  artifactKey: Guid(d0ef2a54308d1f3498d1d8adc1f4af0c) Importer(815301076,1909f56bfc062723c751e8b465ee728b)
Start importing Assets/Assets/InventoryAsset/Icons/496_RPG_icons/S_Fire06.png using Guid(d0ef2a54308d1f3498d1d8adc1f4af0c) Importer(815301076,1909f56bfc062723c751e8b465ee728b) (PreviewImporter) -> (artifact id: '69298660a0925d02cfcbf8b043a35173') in 0.0108739 seconds
Number of updated asset objects reloaded before import = 0Number of asset objects unloaded after import = 3

========================================================================
Received Import Request.
  Time since last request: 0.000010 seconds.
  path: Assets/Assets/InventoryAsset/Icons/496_RPG_icons/S_Holy04.png
  artifactKey: Guid(e1c02438c1d395841b8c0dc19bd4e061) Importer(815301076,1909f56bfc062723c751e8b465ee728b)
Start importing Assets/Assets/InventoryAsset/Icons/496_RPG_icons/S_Holy04.png using Guid(e1c02438c1d395841b8c0dc19bd4e061) Importer(815301076,1909f56bfc062723c751e8b465ee728b) (PreviewImporter) -> (artifact id: 'bbcb486a20b7b5ee61fb92e9d8a6bfb1') in 0.0108877 seconds
Number of updated asset objects reloaded before import = 0Number of asset objects unloaded after import = 3

========================================================================
Received Import Request.
  Time since last request: 0.000012 seconds.
  path: Assets/Assets/InventoryAsset/Icons/496_RPG_icons/S_Holy10.png
  artifactKey: Guid(3e267afa922b81e4db19d6ed7997336c) Importer(815301076,1909f56bfc062723c751e8b465ee728b)
Start importing Assets/Assets/InventoryAsset/Icons/496_RPG_icons/S_Holy10.png using Guid(3e267afa922b81e4db19d6ed7997336c) Importer(815301076,1909f56bfc062723c751e8b465ee728b) (PreviewImporter) -> (artifact id: '3560ee0eb8fd45edace20258d50548f0') in 0.0102354 seconds
Number of updated asset objects reloaded before import = 0Number of asset objects unloaded after import = 3

========================================================================
Received Import Request.
  Time since last request: 0.018831 seconds.
  path: Assets/Assets/InventoryAsset/Icons/496_RPG_icons/S_Ice09.png
  artifactKey: Guid(fc3e58285728e9e4eb4060135e40a165) Importer(815301076,1909f56bfc062723c751e8b465ee728b)
Start importing Assets/Assets/InventoryAsset/Icons/496_RPG_icons/S_Ice09.png using Guid(fc3e58285728e9e4eb4060135e40a165) Importer(815301076,1909f56bfc062723c751e8b465ee728b) (PreviewImporter) -> (artifact id: '4dc104352ee419fb055ee20377658d94') in 0.0098548 seconds
Number of updated asset objects reloaded before import = 0Number of asset objects unloaded after import = 3

========================================================================
Received Import Request.
  Time since last request: 0.000010 seconds.
  path: Assets/Assets/InventoryAsset/Icons/496_RPG_icons/S_Magic05.png
  artifactKey: Guid(88e1e9fd9d34e8f48a21407f273954f2) Importer(815301076,1909f56bfc062723c751e8b465ee728b)
Start importing Assets/Assets/InventoryAsset/Icons/496_RPG_icons/S_Magic05.png using Guid(88e1e9fd9d34e8f48a21407f273954f2) Importer(815301076,1909f56bfc062723c751e8b465ee728b) (PreviewImporter) -> (artifact id: '2defaf4ce628dd8b13180a0ba6e2b7a2') in 0.0094134 seconds
Number of updated asset objects reloaded before import = 0Number of asset objects unloaded after import = 3

========================================================================
Received Import Request.
  Time since last request: 0.000014 seconds.
  path: Assets/Assets/InventoryAsset/Icons/496_RPG_icons/S_Physic01.png
  artifactKey: Guid(f6f9a415da6e2194599e764435eb2e47) Importer(815301076,1909f56bfc062723c751e8b465ee728b)
Start importing Assets/Assets/InventoryAsset/Icons/496_RPG_icons/S_Physic01.png using Guid(f6f9a415da6e2194599e764435eb2e47) Importer(815301076,1909f56bfc062723c751e8b465ee728b) (PreviewImporter) -> (artifact id: '2c18d76fbe2c06b37a6a8d28b954cad9') in 0.0110437 seconds
Number of updated asset objects reloaded before import = 0Number of asset objects unloaded after import = 3

========================================================================
Received Import Request.
  Time since last request: 0.395972 seconds.
  path: Assets/Assets/InventoryAsset/Icons/496_RPG_icons/S_Poison04.png
  artifactKey: Guid(47b0037f4f6f69b4083908c4a8bf100e) Importer(815301076,1909f56bfc062723c751e8b465ee728b)
Start importing Assets/Assets/InventoryAsset/Icons/496_RPG_icons/S_Poison04.png using Guid(47b0037f4f6f69b4083908c4a8bf100e) Importer(815301076,1909f56bfc062723c751e8b465ee728b) (PreviewImporter) -> (artifact id: '7902f8f696f56611ad2e285c22559290') in 0.0137413 seconds
Number of updated asset objects reloaded before import = 0Number of asset objects unloaded after import = 3

========================================================================
Received Import Request.
  Time since last request: 0.000012 seconds.
  path: Assets/Assets/InventoryAsset/Icons/496_RPG_icons/S_Shadow01.png
  artifactKey: Guid(79fdebbbae5b8494fa98d4d4ccc409cc) Importer(815301076,1909f56bfc062723c751e8b465ee728b)
Start importing Assets/Assets/InventoryAsset/Icons/496_RPG_icons/S_Shadow01.png using Guid(79fdebbbae5b8494fa98d4d4ccc409cc) Importer(815301076,1909f56bfc062723c751e8b465ee728b) (PreviewImporter) -> (artifact id: '2f37028dfa34c585e4023b46d3588fab') in 0.0105767 seconds
Number of updated asset objects reloaded before import = 0Number of asset objects unloaded after import = 3

========================================================================
Received Import Request.
  Time since last request: 0.000010 seconds.
  path: Assets/Assets/InventoryAsset/Icons/496_RPG_icons/S_Poison09.png
  artifactKey: Guid(bf80c996b8c4d634db74e8b617be40b2) Importer(815301076,1909f56bfc062723c751e8b465ee728b)
Start importing Assets/Assets/InventoryAsset/Icons/496_RPG_icons/S_Poison09.png using Guid(bf80c996b8c4d634db74e8b617be40b2) Importer(815301076,1909f56bfc062723c751e8b465ee728b) (PreviewImporter) -> (artifact id: '1fd153ee1f4a2a1de108505d09e0fe36') in 0.0115473 seconds
Number of updated asset objects reloaded before import = 0Number of asset objects unloaded after import = 3

========================================================================
Received Import Request.
  Time since last request: 0.281711 seconds.
  path: Assets/Assets/InventoryAsset/Icons/496_RPG_icons/S_Shadow16.png
  artifactKey: Guid(e1a3e4275002d07448252b5b0824db9e) Importer(815301076,1909f56bfc062723c751e8b465ee728b)
Start importing Assets/Assets/InventoryAsset/Icons/496_RPG_icons/S_Shadow16.png using Guid(e1a3e4275002d07448252b5b0824db9e) Importer(815301076,1909f56bfc062723c751e8b465ee728b) (PreviewImporter) -> (artifact id: '62ae746baa9f055cf5cbeb6cc0bac8a3') in 0.0132824 seconds
Number of updated asset objects reloaded before import = 0Number of asset objects unloaded after import = 3

========================================================================
Received Import Request.
  Time since last request: 0.000020 seconds.
  path: Assets/Assets/InventoryAsset/Icons/496_RPG_icons/S_Sword05.png
  artifactKey: Guid(79ff4812b8aa9cc4eb7bfa5350f8e417) Importer(815301076,1909f56bfc062723c751e8b465ee728b)
Start importing Assets/Assets/InventoryAsset/Icons/496_RPG_icons/S_Sword05.png using Guid(79ff4812b8aa9cc4eb7bfa5350f8e417) Importer(815301076,1909f56bfc062723c751e8b465ee728b) (PreviewImporter) -> (artifact id: '7198779a81868c9cbb661cbb3347ac8e') in 0.0120452 seconds
Number of updated asset objects reloaded before import = 0Number of asset objects unloaded after import = 3

========================================================================
Received Import Request.
  Time since last request: 0.000020 seconds.
  path: Assets/Assets/InventoryAsset/Icons/496_RPG_icons/S_Sword08.png
  artifactKey: Guid(bbe9a3f50448e114bad8aaef2ad43ae5) Importer(815301076,1909f56bfc062723c751e8b465ee728b)
Start importing Assets/Assets/InventoryAsset/Icons/496_RPG_icons/S_Sword08.png using Guid(bbe9a3f50448e114bad8aaef2ad43ae5) Importer(815301076,1909f56bfc062723c751e8b465ee728b) (PreviewImporter) -> (artifact id: '29978b3e9cc122f8d284fff348403133') in 0.0113865 seconds
Number of updated asset objects reloaded before import = 0Number of asset objects unloaded after import = 3

========================================================================
Received Import Request.
  Time since last request: 0.358474 seconds.
  path: Assets/Assets/InventoryAsset/Icons/496_RPG_icons/S_Thunder04.png
  artifactKey: Guid(2f0db9d9f53a575489fd99ec4b68ce59) Importer(815301076,1909f56bfc062723c751e8b465ee728b)
Start importing Assets/Assets/InventoryAsset/Icons/496_RPG_icons/S_Thunder04.png using Guid(2f0db9d9f53a575489fd99ec4b68ce59) Importer(815301076,1909f56bfc062723c751e8b465ee728b) (PreviewImporter) -> (artifact id: '5852d0ac5e967798105ed307cc853cc8') in 0.0111639 seconds
Number of updated asset objects reloaded before import = 0Number of asset objects unloaded after import = 3

========================================================================
Received Import Request.
  Time since last request: 0.000037 seconds.
  path: Assets/Assets/InventoryAsset/Icons/496_RPG_icons/S_Water06.png
  artifactKey: Guid(4aed2eacf9e6c4c459ce499bff332339) Importer(815301076,1909f56bfc062723c751e8b465ee728b)
Start importing Assets/Assets/InventoryAsset/Icons/496_RPG_icons/S_Water06.png using Guid(4aed2eacf9e6c4c459ce499bff332339) Importer(815301076,1909f56bfc062723c751e8b465ee728b) (PreviewImporter) -> (artifact id: 'b9185d3d28864e313644db6c3e5aaa1f') in 0.02813 seconds
Number of updated asset objects reloaded before import = 0Number of asset objects unloaded after import = 3

========================================================================
Received Import Request.
  Time since last request: 0.000010 seconds.
  path: Assets/Assets/InventoryAsset/Icons/496_RPG_icons/S_Water05.png
  artifactKey: Guid(f356f5ffb76bf3944ac950cdb53269d2) Importer(815301076,1909f56bfc062723c751e8b465ee728b)
Start importing Assets/Assets/InventoryAsset/Icons/496_RPG_icons/S_Water05.png using Guid(f356f5ffb76bf3944ac950cdb53269d2) Importer(815301076,1909f56bfc062723c751e8b465ee728b) (PreviewImporter) -> (artifact id: '60f595108f5998365a4e6ddbef172c0c') in 0.0091834 seconds
Number of updated asset objects reloaded before import = 0Number of asset objects unloaded after import = 3

========================================================================
Received Import Request.
  Time since last request: 0.324682 seconds.
  path: Assets/Assets/InventoryAsset/Icons/496_RPG_icons/W_Axe004.png
  artifactKey: Guid(9d2b0a2d797fef14c9a5f89ec28963d9) Importer(815301076,1909f56bfc062723c751e8b465ee728b)
Start importing Assets/Assets/InventoryAsset/Icons/496_RPG_icons/W_Axe004.png using Guid(9d2b0a2d797fef14c9a5f89ec28963d9) Importer(815301076,1909f56bfc062723c751e8b465ee728b) (PreviewImporter) -> (artifact id: '3201c1b69c35d57b9a77e3762c580de8') in 0.0128638 seconds
Number of updated asset objects reloaded before import = 0Number of asset objects unloaded after import = 3

========================================================================
Received Import Request.
  Time since last request: 0.000023 seconds.
  path: Assets/Assets/InventoryAsset/Icons/496_RPG_icons/W_Axe013.png
  artifactKey: Guid(e46b6ddfc1c98d34dac52b29230a9732) Importer(815301076,1909f56bfc062723c751e8b465ee728b)
Start importing Assets/Assets/InventoryAsset/Icons/496_RPG_icons/W_Axe013.png using Guid(e46b6ddfc1c98d34dac52b29230a9732) Importer(815301076,1909f56bfc062723c751e8b465ee728b) (PreviewImporter) -> (artifact id: '56a6662c5b1da5efa54e0af0d7179d2d') in 0.0128405 seconds
Number of updated asset objects reloaded before import = 0Number of asset objects unloaded after import = 3

========================================================================
Received Import Request.
  Time since last request: 0.025000 seconds.
  path: Assets/Assets/InventoryAsset/Icons/496_RPG_icons/W_Bow04.png
  artifactKey: Guid(11e16030d5bf6f143bf074d82855935a) Importer(815301076,1909f56bfc062723c751e8b465ee728b)
Start importing Assets/Assets/InventoryAsset/Icons/496_RPG_icons/W_Bow04.png using Guid(11e16030d5bf6f143bf074d82855935a) Importer(815301076,1909f56bfc062723c751e8b465ee728b) (PreviewImporter) -> (artifact id: '59d8aa90637b9c640c88bfe7f61c89c8') in 0.0092215 seconds
Number of updated asset objects reloaded before import = 0Number of asset objects unloaded after import = 3

========================================================================
Received Import Request.
  Time since last request: 0.000011 seconds.
  path: Assets/Assets/InventoryAsset/Icons/496_RPG_icons/W_Bow09.png
  artifactKey: Guid(52cdaa631ebe70348a465129a36e4a14) Importer(815301076,1909f56bfc062723c751e8b465ee728b)
Start importing Assets/Assets/InventoryAsset/Icons/496_RPG_icons/W_Bow09.png using Guid(52cdaa631ebe70348a465129a36e4a14) Importer(815301076,1909f56bfc062723c751e8b465ee728b) (PreviewImporter) -> (artifact id: '2e763fe5d45d98ae934878d8e94e7a9f') in 0.0097064 seconds
Number of updated asset objects reloaded before import = 0Number of asset objects unloaded after import = 3

========================================================================
Received Import Request.
  Time since last request: 0.000023 seconds.
  path: Assets/Assets/InventoryAsset/Icons/496_RPG_icons/W_Dagger003.png
  artifactKey: Guid(98683bc9fbe30654aacc9f6a1125c550) Importer(815301076,1909f56bfc062723c751e8b465ee728b)
Start importing Assets/Assets/InventoryAsset/Icons/496_RPG_icons/W_Dagger003.png using Guid(98683bc9fbe30654aacc9f6a1125c550) Importer(815301076,1909f56bfc062723c751e8b465ee728b) (PreviewImporter) -> (artifact id: 'bb07b7b30efd34377da49afd607c9220') in 0.0104259 seconds
Number of updated asset objects reloaded before import = 0Number of asset objects unloaded after import = 3

========================================================================
Received Import Request.
  Time since last request: 0.451450 seconds.
  path: Assets/Assets/InventoryAsset/Icons/496_RPG_icons/W_Dagger008.png
  artifactKey: Guid(54292a735f2c91d4fa92ad47df230ccb) Importer(815301076,1909f56bfc062723c751e8b465ee728b)
Start importing Assets/Assets/InventoryAsset/Icons/496_RPG_icons/W_Dagger008.png using Guid(54292a735f2c91d4fa92ad47df230ccb) Importer(815301076,1909f56bfc062723c751e8b465ee728b) (PreviewImporter) -> (artifact id: '3226a5bee85969224f99e70065b31587') in 0.0113601 seconds
Number of updated asset objects reloaded before import = 0Number of asset objects unloaded after import = 3

========================================================================
Received Import Request.
  Time since last request: 0.000027 seconds.
  path: Assets/Assets/InventoryAsset/Icons/496_RPG_icons/W_Fist004.png
  artifactKey: Guid(16fa89aaed55a3943a2919f0b51c5f51) Importer(815301076,1909f56bfc062723c751e8b465ee728b)
Start importing Assets/Assets/InventoryAsset/Icons/496_RPG_icons/W_Fist004.png using Guid(16fa89aaed55a3943a2919f0b51c5f51) Importer(815301076,1909f56bfc062723c751e8b465ee728b) (PreviewImporter) -> (artifact id: 'db89bf4aa9bb375198997656a05a0def') in 0.0123225 seconds
Number of updated asset objects reloaded before import = 0Number of asset objects unloaded after import = 3

========================================================================
Received Import Request.
  Time since last request: 0.000066 seconds.
  path: Assets/Assets/InventoryAsset/Icons/496_RPG_icons/W_Dagger013.png
  artifactKey: Guid(78d9dfd1527bba8429856532acdc7669) Importer(815301076,1909f56bfc062723c751e8b465ee728b)
Start importing Assets/Assets/InventoryAsset/Icons/496_RPG_icons/W_Dagger013.png using Guid(78d9dfd1527bba8429856532acdc7669) Importer(815301076,1909f56bfc062723c751e8b465ee728b) (PreviewImporter) -> (artifact id: 'f1654f2f7e77262d45e4794fae66572f') in 0.0097551 seconds
Number of updated asset objects reloaded before import = 0Number of asset objects unloaded after import = 3

========================================================================
Received Import Request.
  Time since last request: 0.355650 seconds.
  path: Assets/Assets/InventoryAsset/Icons/496_RPG_icons/W_Gold_Dagger.png
  artifactKey: Guid(1c136efa144e9bb4daaf43bc56279f63) Importer(815301076,1909f56bfc062723c751e8b465ee728b)
Start importing Assets/Assets/InventoryAsset/Icons/496_RPG_icons/W_Gold_Dagger.png using Guid(1c136efa144e9bb4daaf43bc56279f63) Importer(815301076,1909f56bfc062723c751e8b465ee728b) (PreviewImporter) -> (artifact id: '88be05fe3c08d2ae1c416ad0ad67d602') in 0.0115816 seconds
Number of updated asset objects reloaded before import = 0Number of asset objects unloaded after import = 3

========================================================================
Received Import Request.
  Time since last request: 0.000012 seconds.
  path: Assets/Assets/InventoryAsset/Icons/496_RPG_icons/W_Gun001.png
  artifactKey: Guid(f21222ad6478bf24db478df0d3c3b992) Importer(815301076,1909f56bfc062723c751e8b465ee728b)
Start importing Assets/Assets/InventoryAsset/Icons/496_RPG_icons/W_Gun001.png using Guid(f21222ad6478bf24db478df0d3c3b992) Importer(815301076,1909f56bfc062723c751e8b465ee728b) (PreviewImporter) -> (artifact id: '5e3dab9b7b500e0551224dcbb34bacb1') in 0.0122265 seconds
Number of updated asset objects reloaded before import = 0Number of asset objects unloaded after import = 3

========================================================================
Received Import Request.
  Time since last request: 0.000013 seconds.
  path: Assets/Assets/InventoryAsset/Icons/496_RPG_icons/W_Mace001.png
  artifactKey: Guid(609bef0984d0d4247921a0cbaaede0ec) Importer(815301076,1909f56bfc062723c751e8b465ee728b)
Start importing Assets/Assets/InventoryAsset/Icons/496_RPG_icons/W_Mace001.png using Guid(609bef0984d0d4247921a0cbaaede0ec) Importer(815301076,1909f56bfc062723c751e8b465ee728b) (PreviewImporter) -> (artifact id: 'c94654929546fe93f935fbb516295ced') in 0.0092325 seconds
Number of updated asset objects reloaded before import = 0Number of asset objects unloaded after import = 3

========================================================================
Received Import Request.
  Time since last request: 0.521284 seconds.
  path: Assets/Assets/InventoryAsset/Icons/496_RPG_icons/W_Mace15.png
  artifactKey: Guid(e0a1e1de53c37f546b6b7c7c2be999c8) Importer(815301076,1909f56bfc062723c751e8b465ee728b)
Start importing Assets/Assets/InventoryAsset/Icons/496_RPG_icons/W_Mace15.png using Guid(e0a1e1de53c37f546b6b7c7c2be999c8) Importer(815301076,1909f56bfc062723c751e8b465ee728b) (PreviewImporter) -> (artifact id: 'ea9abe0cb19e83caba9e747b3376dd85') in 0.0147098 seconds
Number of updated asset objects reloaded before import = 0Number of asset objects unloaded after import = 3

========================================================================
Received Import Request.
  Time since last request: 0.000017 seconds.
  path: Assets/Assets/InventoryAsset/Icons/496_RPG_icons/W_Spear007.png
  artifactKey: Guid(2d6dc8dac62f73a47a18d930f17ab43c) Importer(815301076,1909f56bfc062723c751e8b465ee728b)
Start importing Assets/Assets/InventoryAsset/Icons/496_RPG_icons/W_Spear007.png using Guid(2d6dc8dac62f73a47a18d930f17ab43c) Importer(815301076,1909f56bfc062723c751e8b465ee728b) (PreviewImporter) -> (artifact id: 'fed8d71f463c0d506d6651c51045e980') in 0.0096503 seconds
Number of updated asset objects reloaded before import = 0Number of asset objects unloaded after import = 3

========================================================================
Received Import Request.
  Time since last request: 0.000008 seconds.
  path: Assets/Assets/InventoryAsset/Icons/496_RPG_icons/W_Spear005.png
  artifactKey: Guid(edb93271c236a394f9c25c9080d09dd9) Importer(815301076,1909f56bfc062723c751e8b465ee728b)
Start importing Assets/Assets/InventoryAsset/Icons/496_RPG_icons/W_Spear005.png using Guid(edb93271c236a394f9c25c9080d09dd9) Importer(815301076,1909f56bfc062723c751e8b465ee728b) (PreviewImporter) -> (artifact id: 'bec088c135a4d897029def5cfafb13c0') in 0.0111974 seconds
Number of updated asset objects reloaded before import = 0Number of asset objects unloaded after import = 3

========================================================================
Received Import Request.
  Time since last request: 0.796233 seconds.
  path: Assets/Assets/InventoryAsset/Icons/496_RPG_icons/W_Staff06.png
  artifactKey: Guid(52c724f259c9809468d8a5f1580a0fe1) Importer(815301076,1909f56bfc062723c751e8b465ee728b)
Start importing Assets/Assets/InventoryAsset/Icons/496_RPG_icons/W_Staff06.png using Guid(52c724f259c9809468d8a5f1580a0fe1) Importer(815301076,1909f56bfc062723c751e8b465ee728b) (PreviewImporter) -> (artifact id: '0f60b23eea007508833430d3fb39ffdc') in 0.0152695 seconds
Number of updated asset objects reloaded before import = 0Number of asset objects unloaded after import = 3

========================================================================
Received Import Request.
  Time since last request: 0.000047 seconds.
  path: Assets/Assets/InventoryAsset/Icons/496_RPG_icons/W_Sword003.png
  artifactKey: Guid(91c559bd648489c439ace19232a30c26) Importer(815301076,1909f56bfc062723c751e8b465ee728b)
Start importing Assets/Assets/InventoryAsset/Icons/496_RPG_icons/W_Sword003.png using Guid(91c559bd648489c439ace19232a30c26) Importer(815301076,1909f56bfc062723c751e8b465ee728b) (PreviewImporter) -> (artifact id: 'e0d927b5e7bc8775e780274322b2f902') in 0.0122982 seconds
Number of updated asset objects reloaded before import = 0Number of asset objects unloaded after import = 3

========================================================================
Received Import Request.
  Time since last request: 0.000025 seconds.
  path: Assets/Assets/InventoryAsset/Icons/496_RPG_icons/W_Sword005.png
  artifactKey: Guid(d7037151add9b7947b5a2bbd150befbf) Importer(815301076,1909f56bfc062723c751e8b465ee728b)
Start importing Assets/Assets/InventoryAsset/Icons/496_RPG_icons/W_Sword005.png using Guid(d7037151add9b7947b5a2bbd150befbf) Importer(815301076,1909f56bfc062723c751e8b465ee728b) (PreviewImporter) -> (artifact id: 'c38a8bbaf8c0488c6e40d401fecf88d9') in 0.0097368 seconds
Number of updated asset objects reloaded before import = 0Number of asset objects unloaded after import = 3

========================================================================
Received Import Request.
  Time since last request: 1.808553 seconds.
  path: Assets/Assets/InventoryAsset/Icons/496_RPG_icons/W_Sword019.png
  artifactKey: Guid(c09f9a0b0eb0b4540972dc3bd0bea2dd) Importer(815301076,1909f56bfc062723c751e8b465ee728b)
Start importing Assets/Assets/InventoryAsset/Icons/496_RPG_icons/W_Sword019.png using Guid(c09f9a0b0eb0b4540972dc3bd0bea2dd) Importer(815301076,1909f56bfc062723c751e8b465ee728b) (PreviewImporter) -> (artifact id: '4c91845705f9b24f5d7f5cbb3c5cff87') in 0.0209329 seconds
Number of updated asset objects reloaded before import = 0Number of asset objects unloaded after import = 3

========================================================================
Received Import Request.
  Time since last request: 0.000012 seconds.
  path: Assets/Assets/InventoryAsset/Icons/496_RPG_icons/W_Throw002.png
  artifactKey: Guid(9534526587d03364e90846d318e47b36) Importer(815301076,1909f56bfc062723c751e8b465ee728b)
Start importing Assets/Assets/InventoryAsset/Icons/496_RPG_icons/W_Throw002.png using Guid(9534526587d03364e90846d318e47b36) Importer(815301076,1909f56bfc062723c751e8b465ee728b) (PreviewImporter) -> (artifact id: 'c45a2d2258283ef00ea95836b2a2a882') in 0.053916 seconds
Number of updated asset objects reloaded before import = 0Number of asset objects unloaded after import = 3

========================================================================
Received Prepare
Begin MonoManager ReloadAssembly
- Loaded All Assemblies, in  0.403 seconds
Refreshing native plugins compatible for Editor in 0.53 ms, found 3 plugins.
Native extension for WindowsStandalone target not found
Native extension for WebGL target not found
Mono: successfully reloaded assembly
- Finished resetting the current domain, in  0.435 seconds
Domain Reload Profiling: 837ms
	BeginReloadAssembly (134ms)
		ExecutionOrderSort (0ms)
		DisableScriptedObjects (3ms)
		BackupInstance (0ms)
		ReleaseScriptingObjects (0ms)
		CreateAndSetChildDomain (31ms)
	RebuildCommonClasses (21ms)
	RebuildNativeTypeToScriptingClass (7ms)
	initialDomainReloadingComplete (18ms)
	LoadAllAssembliesAndSetupDomain (221ms)
		LoadAssemblies (199ms)
		RebuildTransferFunctionScriptingTraits (0ms)
		AnalyzeDomain (94ms)
			TypeCache.Refresh (4ms)
				TypeCache.ScanAssembly (0ms)
			BuildScriptInfoCaches (80ms)
			ResolveRequiredComponents (6ms)
	FinalizeReload (435ms)
		ReleaseScriptCaches (0ms)
		RebuildScriptCaches (0ms)
		SetupLoadedEditorAssemblies (342ms)
			LogAssemblyErrors (0ms)
			InitializePlatformSupportModulesInManaged (3ms)
			SetLoadedEditorAssemblies (4ms)
			BeforeProcessingInitializeOnLoad (59ms)
			ProcessInitializeOnLoadAttributes (246ms)
			ProcessInitializeOnLoadMethodAttributes (25ms)
			AfterProcessingInitializeOnLoad (6ms)
			EditorAssembliesLoaded (0ms)
		ExecutionOrderSort2 (0ms)
		AwakeInstancesAfterBackupRestoration (6ms)
Shader 'Fristy/Nature/Leaves 2': fallback shader 'TransparentCutout' not found
Shader 'Fristy/Nature/Leaves': fallback shader 'TransparentCutout' not found
Refreshing native plugins compatible for Editor in 1.01 ms, found 3 plugins.
Preloading 0 native plugins for Editor in 0.00 ms.
Unloading 8 Unused Serialized files (Serialized files now loaded: 0)
Unloading 3990 unused Assets / (2.9 MB). Loaded Objects now: 4578.
Memory consumption went from 118.2 MB to 115.3 MB.
Total: 5.732100 ms (FindLiveObjects: 0.332900 ms CreateObjectMapping: 0.239300 ms MarkObjects: 3.540000 ms  DeleteObjects: 1.618800 ms)

Prepare: number of updated asset objects reloaded= 0
========================================================================
Received Prepare
Begin MonoManager ReloadAssembly
- Loaded All Assemblies, in  0.393 seconds
Refreshing native plugins compatible for Editor in 0.54 ms, found 3 plugins.
Native extension for WindowsStandalone target not found
Native extension for WebGL target not found
Mono: successfully reloaded assembly
- Finished resetting the current domain, in  0.464 seconds
Domain Reload Profiling: 856ms
	BeginReloadAssembly (120ms)
		ExecutionOrderSort (0ms)
		DisableScriptedObjects (4ms)
		BackupInstance (0ms)
		ReleaseScriptingObjects (0ms)
		CreateAndSetChildDomain (24ms)
	RebuildCommonClasses (21ms)
	RebuildNativeTypeToScriptingClass (7ms)
	initialDomainReloadingComplete (16ms)
	LoadAllAssembliesAndSetupDomain (228ms)
		LoadAssemblies (193ms)
		RebuildTransferFunctionScriptingTraits (0ms)
		AnalyzeDomain (98ms)
			TypeCache.Refresh (4ms)
				TypeCache.ScanAssembly (0ms)
			BuildScriptInfoCaches (84ms)
			ResolveRequiredComponents (6ms)
	FinalizeReload (464ms)
		ReleaseScriptCaches (0ms)
		RebuildScriptCaches (0ms)
		SetupLoadedEditorAssemblies (380ms)
			LogAssemblyErrors (0ms)
			InitializePlatformSupportModulesInManaged (3ms)
			SetLoadedEditorAssemblies (4ms)
			BeforeProcessingInitializeOnLoad (78ms)
			ProcessInitializeOnLoadAttributes (268ms)
			ProcessInitializeOnLoadMethodAttributes (21ms)
			AfterProcessingInitializeOnLoad (5ms)
			EditorAssembliesLoaded (0ms)
		ExecutionOrderSort2 (0ms)
		AwakeInstancesAfterBackupRestoration (5ms)
Shader 'Fristy/Nature/Leaves 2': fallback shader 'TransparentCutout' not found
Shader 'Fristy/Nature/Leaves': fallback shader 'TransparentCutout' not found
Refreshing native plugins compatible for Editor in 1.08 ms, found 3 plugins.
Preloading 0 native plugins for Editor in 0.00 ms.
Unloading 7 Unused Serialized files (Serialized files now loaded: 0)
Unloading 3990 unused Assets / (2.9 MB). Loaded Objects now: 4578.
Memory consumption went from 118.1 MB to 115.3 MB.
Total: 5.585100 ms (FindLiveObjects: 0.413000 ms CreateObjectMapping: 0.223500 ms MarkObjects: 3.468600 ms  DeleteObjects: 1.478800 ms)

Prepare: number of updated asset objects reloaded= 0
========================================================================
Received Prepare
Begin MonoManager ReloadAssembly
- Loaded All Assemblies, in  0.360 seconds
Refreshing native plugins compatible for Editor in 1.09 ms, found 3 plugins.
Native extension for WindowsStandalone target not found
Native extension for WebGL target not found
Mono: successfully reloaded assembly
- Finished resetting the current domain, in  0.383 seconds
Domain Reload Profiling: 742ms
	BeginReloadAssembly (107ms)
		ExecutionOrderSort (0ms)
		DisableScriptedObjects (3ms)
		BackupInstance (0ms)
		ReleaseScriptingObjects (0ms)
		CreateAndSetChildDomain (22ms)
	RebuildCommonClasses (20ms)
	RebuildNativeTypeToScriptingClass (8ms)
	initialDomainReloadingComplete (19ms)
	LoadAllAssembliesAndSetupDomain (205ms)
		LoadAssemblies (173ms)
		RebuildTransferFunctionScriptingTraits (0ms)
		AnalyzeDomain (87ms)
			TypeCache.Refresh (4ms)
				TypeCache.ScanAssembly (0ms)
			BuildScriptInfoCaches (76ms)
			ResolveRequiredComponents (4ms)
	FinalizeReload (383ms)
		ReleaseScriptCaches (0ms)
		RebuildScriptCaches (0ms)
		SetupLoadedEditorAssemblies (308ms)
			LogAssemblyErrors (0ms)
			InitializePlatformSupportModulesInManaged (2ms)
			SetLoadedEditorAssemblies (3ms)
			BeforeProcessingInitializeOnLoad (70ms)
			ProcessInitializeOnLoadAttributes (215ms)
			ProcessInitializeOnLoadMethodAttributes (16ms)
			AfterProcessingInitializeOnLoad (3ms)
			EditorAssembliesLoaded (0ms)
		ExecutionOrderSort2 (0ms)
		AwakeInstancesAfterBackupRestoration (4ms)
Shader 'Fristy/Nature/Leaves 2': fallback shader 'TransparentCutout' not found
Shader 'Fristy/Nature/Leaves': fallback shader 'TransparentCutout' not found
Refreshing native plugins compatible for Editor in 0.97 ms, found 3 plugins.
Preloading 0 native plugins for Editor in 0.00 ms.
Unloading 7 Unused Serialized files (Serialized files now loaded: 0)
Unloading 3990 unused Assets / (3.0 MB). Loaded Objects now: 4578.
Memory consumption went from 118.1 MB to 115.1 MB.
Total: 5.744400 ms (FindLiveObjects: 0.325900 ms CreateObjectMapping: 0.209800 ms MarkObjects: 3.581600 ms  DeleteObjects: 1.626100 ms)

Prepare: number of updated asset objects reloaded= 0
Editor requested this worker to shutdown with reason: Scaling down because of idle timeout
AssetImportWorker is now disconnected from the server
Process exiting
Exiting without the bug reporter. Application will terminate with return code 0